
--- Job Code/pandamodel.gms Start 02/09/17 18:42:20 24.4.6 r52609 WEX-WEI x86 64bit/MS Windows
GAMS 24.4.6   Copyright (C) 1987-2015 GAMS Development. All rights reserved
Licensee: Yaqian Mu                                      G150107:0436AO-WIN
          Tsinghua University, Res. Centre for International EnvironmDC6727
          License for teaching and research at degree granting institutions
--- Starting compilation
--- Code/pandamodel.gms(33) 3 Mb 2 Errors
*** Error 140 in C:\Users\hero\Desktop\Github\Panda\Code/pandamodel.gms
    Unknown symbol
*** Error 120 in C:\Users\hero\Desktop\Github\Panda\Code/pandamodel.gms
    Unknown identifier entered as set
--- Code/pandamodel.gms(34) 3 Mb 8 Errors
*** Error 140 in C:\Users\hero\Desktop\Github\Panda\Code/pandamodel.gms
    Unknown symbol
*** Error 140 in C:\Users\hero\Desktop\Github\Panda\Code/pandamodel.gms
    Unknown symbol
*** Error 140 in C:\Users\hero\Desktop\Github\Panda\Code/pandamodel.gms
    Unknown symbol
*** Error 140 in C:\Users\hero\Desktop\Github\Panda\Code/pandamodel.gms
    Unknown symbol
*** Error 140 in C:\Users\hero\Desktop\Github\Panda\Code/pandamodel.gms
    Unknown symbol
*** Error 140 in C:\Users\hero\Desktop\Github\Panda\Code/pandamodel.gms
    Unknown symbol
--- Code/pandamodel.gms(38) 3 Mb 10 Errors
*** Error 140 in C:\Users\hero\Desktop\Github\Panda\Code/pandamodel.gms
    Unknown symbol
*** Error 140 in C:\Users\hero\Desktop\Github\Panda\Code/pandamodel.gms
    Unknown symbol
--- Code/pandamodel.gms(39) 3 Mb 13 Errors
*** Error 140 in C:\Users\hero\Desktop\Github\Panda\Code/pandamodel.gms
    Unknown symbol
*** Error 140 in C:\Users\hero\Desktop\Github\Panda\Code/pandamodel.gms
    Unknown symbol
*** Error 140 in C:\Users\hero\Desktop\Github\Panda\Code/pandamodel.gms
    Unknown symbol
--- Code/pandamodel.gms(45) 3 Mb 14 Errors
*** Error 140 in C:\Users\hero\Desktop\Github\Panda\Code/pandamodel.gms
    Unknown symbol
--- Code/pandamodel.gms(51) 3 Mb 15 Errors
*** Error 140 in C:\Users\hero\Desktop\Github\Panda\Code/pandamodel.gms
    Unknown symbol
--- Code/pandamodel.gms(52) 3 Mb 18 Errors
*** Error 140 in C:\Users\hero\Desktop\Github\Panda\Code/pandamodel.gms
    Unknown symbol
*** Error 120 in C:\Users\hero\Desktop\Github\Panda\Code/pandamodel.gms
    Unknown identifier entered as set
*** Error 140 in C:\Users\hero\Desktop\Github\Panda\Code/pandamodel.gms
    Unknown symbol
--- Code/pandamodel.gms(55) 3 Mb 19 Errors
*** Error 140 in C:\Users\hero\Desktop\Github\Panda\Code/pandamodel.gms
    Unknown symbol
--- Code/pandamodel.gms(56) 3 Mb 20 Errors
*** Error 140 in C:\Users\hero\Desktop\Github\Panda\Code/pandamodel.gms
    Unknown symbol
--- Code/pandamodel.gms(63) 3 Mb 24 Errors
*** Error 140 in C:\Users\hero\Desktop\Github\Panda\Code/pandamodel.gms
    Unknown symbol
*** Error 120 in C:\Users\hero\Desktop\Github\Panda\Code/pandamodel.gms
    Unknown identifier entered as set
*** Error 120 in C:\Users\hero\Desktop\Github\Panda\Code/pandamodel.gms
    Unknown identifier entered as set
*** Error 140 in C:\Users\hero\Desktop\Github\Panda\Code/pandamodel.gms
    Unknown symbol
--- Code/pandamodel.gms(64) 3 Mb 26 Errors
*** Error 140 in C:\Users\hero\Desktop\Github\Panda\Code/pandamodel.gms
    Unknown symbol
*** Error 140 in C:\Users\hero\Desktop\Github\Panda\Code/pandamodel.gms
    Unknown symbol
--- Code/pandamodel.gms(70) 3 Mb 27 Errors
*** Error 140 in C:\Users\hero\Desktop\Github\Panda\Code/pandamodel.gms
    Unknown symbol
--- Code/pandamodel.gms(71) 3 Mb 29 Errors
*** Error 140 in C:\Users\hero\Desktop\Github\Panda\Code/pandamodel.gms
    Unknown symbol
*** Error 140 in C:\Users\hero\Desktop\Github\Panda\Code/pandamodel.gms
    Unknown symbol
--- Code/pandamodel.gms(75) 3 Mb 31 Errors
*** Error 140 in C:\Users\hero\Desktop\Github\Panda\Code/pandamodel.gms
    Unknown symbol
*** Error 140 in C:\Users\hero\Desktop\Github\Panda\Code/pandamodel.gms
    Unknown symbol
--- Code/pandamodel.gms(76) 3 Mb 35 Errors
*** Error 140 in C:\Users\hero\Desktop\Github\Panda\Code/pandamodel.gms
    Unknown symbol
*** Error 140 in C:\Users\hero\Desktop\Github\Panda\Code/pandamodel.gms
    Unknown symbol
*** Error 140 in C:\Users\hero\Desktop\Github\Panda\Code/pandamodel.gms
    Unknown symbol
*** Error 140 in C:\Users\hero\Desktop\Github\Panda\Code/pandamodel.gms
    Unknown symbol
--- Code/pandamodel.gms(82) 3 Mb 37 Errors
*** Error 140 in C:\Users\hero\Desktop\Github\Panda\Code/pandamodel.gms
    Unknown symbol
*** Error 140 in C:\Users\hero\Desktop\Github\Panda\Code/pandamodel.gms
    Unknown symbol
--- Code/pandamodel.gms(83) 3 Mb 39 Errors
*** Error 140 in C:\Users\hero\Desktop\Github\Panda\Code/pandamodel.gms
    Unknown symbol
*** Error 140 in C:\Users\hero\Desktop\Github\Panda\Code/pandamodel.gms
    Unknown symbol
--- Code/pandamodel.gms(89) 3 Mb 41 Errors
*** Error 140 in C:\Users\hero\Desktop\Github\Panda\Code/pandamodel.gms
    Unknown symbol
*** Error 140 in C:\Users\hero\Desktop\Github\Panda\Code/pandamodel.gms
    Unknown symbol
--- Code/pandamodel.gms(91) 3 Mb 45 Errors
*** Error 140 in C:\Users\hero\Desktop\Github\Panda\Code/pandamodel.gms
    Unknown symbol
*** Error 140 in C:\Users\hero\Desktop\Github\Panda\Code/pandamodel.gms
    Unknown symbol
*** Error 140 in C:\Users\hero\Desktop\Github\Panda\Code/pandamodel.gms
    Unknown symbol
*** Error 140 in C:\Users\hero\Desktop\Github\Panda\Code/pandamodel.gms
    Unknown symbol
--- Code/pandamodel.gms(97) 3 Mb 46 Errors
*** Error 140 in C:\Users\hero\Desktop\Github\Panda\Code/pandamodel.gms
    Unknown symbol
--- Code/pandamodel.gms(109) 3 Mb 48 Errors
*** Error 140 in C:\Users\hero\Desktop\Github\Panda\Code/pandamodel.gms
    Unknown symbol
*** Error 140 in C:\Users\hero\Desktop\Github\Panda\Code/pandamodel.gms
    Unknown symbol
--- Code/pandamodel.gms(110) 3 Mb 51 Errors
*** Error 140 in C:\Users\hero\Desktop\Github\Panda\Code/pandamodel.gms
    Unknown symbol
*** Error 140 in C:\Users\hero\Desktop\Github\Panda\Code/pandamodel.gms
    Unknown symbol
*** Error 140 in C:\Users\hero\Desktop\Github\Panda\Code/pandamodel.gms
    Unknown symbol
--- Code/pandamodel.gms(116) 3 Mb 53 Errors
*** Error 140 in C:\Users\hero\Desktop\Github\Panda\Code/pandamodel.gms
    Unknown symbol
*** Error 140 in C:\Users\hero\Desktop\Github\Panda\Code/pandamodel.gms
    Unknown symbol
--- Code/pandamodel.gms(117) 3 Mb 55 Errors
*** Error 140 in C:\Users\hero\Desktop\Github\Panda\Code/pandamodel.gms
    Unknown symbol
*** Error 140 in C:\Users\hero\Desktop\Github\Panda\Code/pandamodel.gms
    Unknown symbol
--- Code/pandamodel.gms(123) 3 Mb 56 Errors
*** Error 140 in C:\Users\hero\Desktop\Github\Panda\Code/pandamodel.gms
    Unknown symbol
--- Code/pandamodel.gms(132) 3 Mb 58 Errors
*** Error 140 in C:\Users\hero\Desktop\Github\Panda\Code/pandamodel.gms
    Unknown symbol
*** Error 140 in C:\Users\hero\Desktop\Github\Panda\Code/pandamodel.gms
    Unknown symbol
--- Code/pandamodel.gms(133) 3 Mb 61 Errors
*** Error 140 in C:\Users\hero\Desktop\Github\Panda\Code/pandamodel.gms
    Unknown symbol
*** Error 140 in C:\Users\hero\Desktop\Github\Panda\Code/pandamodel.gms
    Unknown symbol
*** Error 140 in C:\Users\hero\Desktop\Github\Panda\Code/pandamodel.gms
    Unknown symbol
--- Code/pandamodel.gms(139) 3 Mb 63 Errors
*** Error 140 in C:\Users\hero\Desktop\Github\Panda\Code/pandamodel.gms
    Unknown symbol
*** Error 140 in C:\Users\hero\Desktop\Github\Panda\Code/pandamodel.gms
    Unknown symbol
--- Code/pandamodel.gms(140) 3 Mb 65 Errors
*** Error 140 in C:\Users\hero\Desktop\Github\Panda\Code/pandamodel.gms
    Unknown symbol
*** Error 140 in C:\Users\hero\Desktop\Github\Panda\Code/pandamodel.gms
    Unknown symbol
--- Code/pandamodel.gms(146) 3 Mb 67 Errors
*** Error 140 in C:\Users\hero\Desktop\Github\Panda\Code/pandamodel.gms
    Unknown symbol
*** Error 140 in C:\Users\hero\Desktop\Github\Panda\Code/pandamodel.gms
    Unknown symbol
--- Code/pandamodel.gms(155) 3 Mb 70 Errors
*** Error 140 in C:\Users\hero\Desktop\Github\Panda\Code/pandamodel.gms
    Unknown symbol
*** Error 120 in C:\Users\hero\Desktop\Github\Panda\Code/pandamodel.gms
    Unknown identifier entered as set
*** Error 140 in C:\Users\hero\Desktop\Github\Panda\Code/pandamodel.gms
    Unknown symbol
--- Code/pandamodel.gms(156) 3 Mb 74 Errors
*** Error 140 in C:\Users\hero\Desktop\Github\Panda\Code/pandamodel.gms
    Unknown symbol
*** Error 140 in C:\Users\hero\Desktop\Github\Panda\Code/pandamodel.gms
    Unknown symbol
*** Error 140 in C:\Users\hero\Desktop\Github\Panda\Code/pandamodel.gms
    Unknown symbol
*** Error 140 in C:\Users\hero\Desktop\Github\Panda\Code/pandamodel.gms
    Unknown symbol
--- Code/pandamodel.gms(161) 3 Mb 76 Errors
*** Error 140 in C:\Users\hero\Desktop\Github\Panda\Code/pandamodel.gms
    Unknown symbol
*** Error 120 in C:\Users\hero\Desktop\Github\Panda\Code/pandamodel.gms
    Unknown identifier entered as set
--- Code/pandamodel.gms(162) 3 Mb 77 Errors
*** Error 140 in C:\Users\hero\Desktop\Github\Panda\Code/pandamodel.gms
    Unknown symbol
--- Code/pandamodel.gms(165) 3 Mb 78 Errors
*** Error 120 in C:\Users\hero\Desktop\Github\Panda\Code/pandamodel.gms
    Unknown identifier entered as set
--- Code/pandamodel.gms(169) 3 Mb 80 Errors
*** Error 140 in C:\Users\hero\Desktop\Github\Panda\Code/pandamodel.gms
    Unknown symbol
*** Error 140 in C:\Users\hero\Desktop\Github\Panda\Code/pandamodel.gms
    Unknown symbol
--- Code/pandamodel.gms(174) 3 Mb 82 Errors
*** Error 140 in C:\Users\hero\Desktop\Github\Panda\Code/pandamodel.gms
    Unknown symbol
*** Error 140 in C:\Users\hero\Desktop\Github\Panda\Code/pandamodel.gms
    Unknown symbol
--- Code/pandamodel.gms(184) 3 Mb 85 Errors
*** Error 140 in C:\Users\hero\Desktop\Github\Panda\Code/pandamodel.gms
    Unknown symbol
*** Error 120 in C:\Users\hero\Desktop\Github\Panda\Code/pandamodel.gms
    Unknown identifier entered as set
*** Error 140 in C:\Users\hero\Desktop\Github\Panda\Code/pandamodel.gms
    Unknown symbol
--- Code/pandamodel.gms(185) 3 Mb 89 Errors
*** Error 140 in C:\Users\hero\Desktop\Github\Panda\Code/pandamodel.gms
    Unknown symbol
*** Error 140 in C:\Users\hero\Desktop\Github\Panda\Code/pandamodel.gms
    Unknown symbol
*** Error 140 in C:\Users\hero\Desktop\Github\Panda\Code/pandamodel.gms
    Unknown symbol
*** Error 140 in C:\Users\hero\Desktop\Github\Panda\Code/pandamodel.gms
    Unknown symbol
--- Code/pandamodel.gms(191) 3 Mb 90 Errors
*** Error 140 in C:\Users\hero\Desktop\Github\Panda\Code/pandamodel.gms
    Unknown symbol
--- Code/pandamodel.gms(200) 3 Mb 93 Errors
*** Error 140 in C:\Users\hero\Desktop\Github\Panda\Code/pandamodel.gms
    Unknown symbol
*** Error 120 in C:\Users\hero\Desktop\Github\Panda\Code/pandamodel.gms
    Unknown identifier entered as set
*** Error 140 in C:\Users\hero\Desktop\Github\Panda\Code/pandamodel.gms
    Unknown symbol
--- Code/pandamodel.gms(201) 3 Mb 97 Errors
*** Error 140 in C:\Users\hero\Desktop\Github\Panda\Code/pandamodel.gms
    Unknown symbol
*** Error 140 in C:\Users\hero\Desktop\Github\Panda\Code/pandamodel.gms
    Unknown symbol
*** Error 140 in C:\Users\hero\Desktop\Github\Panda\Code/pandamodel.gms
    Unknown symbol
*** Error 140 in C:\Users\hero\Desktop\Github\Panda\Code/pandamodel.gms
    Unknown symbol
--- Code/pandamodel.gms(207) 3 Mb 98 Errors
*** Error 140 in C:\Users\hero\Desktop\Github\Panda\Code/pandamodel.gms
    Unknown symbol
--- Code/pandamodel.gms(216) 3 Mb 101 Errors
*** Error 140 in C:\Users\hero\Desktop\Github\Panda\Code/pandamodel.gms
    Unknown symbol
*** Error 140 in C:\Users\hero\Desktop\Github\Panda\Code/pandamodel.gms
    Unknown symbol
*** Error 140 in C:\Users\hero\Desktop\Github\Panda\Code/pandamodel.gms
    Unknown symbol
--- Code/pandamodel.gms(218) 3 Mb 104 Errors
*** Error 140 in C:\Users\hero\Desktop\Github\Panda\Code/pandamodel.gms
    Unknown symbol
*** Error 140 in C:\Users\hero\Desktop\Github\Panda\Code/pandamodel.gms
    Unknown symbol
*** Error 140 in C:\Users\hero\Desktop\Github\Panda\Code/pandamodel.gms
    Unknown symbol
--- Code/pandamodel.gms(220) 3 Mb 105 Errors
*** Error 140 in C:\Users\hero\Desktop\Github\Panda\Code/pandamodel.gms
    Unknown symbol
--- Code/pandamodel.gms(225) 3 Mb 107 Errors
*** Error 140 in C:\Users\hero\Desktop\Github\Panda\Code/pandamodel.gms
    Unknown symbol
*** Error 140 in C:\Users\hero\Desktop\Github\Panda\Code/pandamodel.gms
    Unknown symbol
--- Code/pandamodel.gms(228) 3 Mb 108 Errors
*** Error 140 in C:\Users\hero\Desktop\Github\Panda\Code/pandamodel.gms
    Unknown symbol
--- Code/pandamodel.gms(239) 3 Mb 109 Errors
*** Error 140 in C:\Users\hero\Desktop\Github\Panda\Code/pandamodel.gms
    Unknown symbol
--- Code/pandamodel.gms(240) 3 Mb 113 Errors
*** Error 140 in C:\Users\hero\Desktop\Github\Panda\Code/pandamodel.gms
    Unknown symbol
*** Error 140 in C:\Users\hero\Desktop\Github\Panda\Code/pandamodel.gms
    Unknown symbol
*** Error 140 in C:\Users\hero\Desktop\Github\Panda\Code/pandamodel.gms
    Unknown symbol
*** Error 140 in C:\Users\hero\Desktop\Github\Panda\Code/pandamodel.gms
    Unknown symbol
--- Code/pandamodel.gms(244) 3 Mb 114 Errors
*** Error 140 in C:\Users\hero\Desktop\Github\Panda\Code/pandamodel.gms
    Unknown symbol
--- Code/pandamodel.gms(245) 3 Mb 117 Errors
*** Error 140 in C:\Users\hero\Desktop\Github\Panda\Code/pandamodel.gms
    Unknown symbol
*** Error 140 in C:\Users\hero\Desktop\Github\Panda\Code/pandamodel.gms
    Unknown symbol
*** Error 140 in C:\Users\hero\Desktop\Github\Panda\Code/pandamodel.gms
    Unknown symbol
--- Code/pandamodel.gms(249) 3 Mb 119 Errors
*** Error 140 in C:\Users\hero\Desktop\Github\Panda\Code/pandamodel.gms
    Unknown symbol
*** Error 140 in C:\Users\hero\Desktop\Github\Panda\Code/pandamodel.gms
    Unknown symbol
--- Code/pandamodel.gms(250) 3 Mb 121 Errors
*** Error 140 in C:\Users\hero\Desktop\Github\Panda\Code/pandamodel.gms
    Unknown symbol
*** Error 140 in C:\Users\hero\Desktop\Github\Panda\Code/pandamodel.gms
    Unknown symbol
--- Code/pandamodel.gms(256) 3 Mb 123 Errors
*** Error 140 in C:\Users\hero\Desktop\Github\Panda\Code/pandamodel.gms
    Unknown symbol
*** Error 140 in C:\Users\hero\Desktop\Github\Panda\Code/pandamodel.gms
    Unknown symbol
--- Code/pandamodel.gms(257) 3 Mb 124 Errors
*** Error 140 in C:\Users\hero\Desktop\Github\Panda\Code/pandamodel.gms
    Unknown symbol
--- Code/pandamodel.gms(266) 3 Mb 126 Errors
*** Error 140 in C:\Users\hero\Desktop\Github\Panda\Code/pandamodel.gms
    Unknown symbol
*** Error 140 in C:\Users\hero\Desktop\Github\Panda\Code/pandamodel.gms
    Unknown symbol
--- Code/pandamodel.gms(267) 3 Mb 128 Errors
*** Error 140 in C:\Users\hero\Desktop\Github\Panda\Code/pandamodel.gms
    Unknown symbol
*** Error 140 in C:\Users\hero\Desktop\Github\Panda\Code/pandamodel.gms
    Unknown symbol
--- Code/pandamodel.gms(273) 3 Mb 130 Errors
*** Error 140 in C:\Users\hero\Desktop\Github\Panda\Code/pandamodel.gms
    Unknown symbol
*** Error 140 in C:\Users\hero\Desktop\Github\Panda\Code/pandamodel.gms
    Unknown symbol
--- Code/pandamodel.gms(274) 3 Mb 132 Errors
*** Error 140 in C:\Users\hero\Desktop\Github\Panda\Code/pandamodel.gms
    Unknown symbol
*** Error 140 in C:\Users\hero\Desktop\Github\Panda\Code/pandamodel.gms
    Unknown symbol
--- Code/pandamodel.gms(280) 3 Mb 135 Errors
*** Error 140 in C:\Users\hero\Desktop\Github\Panda\Code/pandamodel.gms
    Unknown symbol
*** Error 120 in C:\Users\hero\Desktop\Github\Panda\Code/pandamodel.gms
    Unknown identifier entered as set
*** Error 140 in C:\Users\hero\Desktop\Github\Panda\Code/pandamodel.gms
    Unknown symbol
--- Code/pandamodel.gms(281) 3 Mb 137 Errors
*** Error 140 in C:\Users\hero\Desktop\Github\Panda\Code/pandamodel.gms
    Unknown symbol
*** Error 140 in C:\Users\hero\Desktop\Github\Panda\Code/pandamodel.gms
    Unknown symbol
--- Code/pandamodel.gms(289) 3 Mb 140 Errors
*** Error 140 in C:\Users\hero\Desktop\Github\Panda\Code/pandamodel.gms
    Unknown symbol
*** Error 120 in C:\Users\hero\Desktop\Github\Panda\Code/pandamodel.gms
    Unknown identifier entered as set
*** Error 140 in C:\Users\hero\Desktop\Github\Panda\Code/pandamodel.gms
    Unknown symbol
--- Code/pandamodel.gms(290) 3 Mb 142 Errors
*** Error 140 in C:\Users\hero\Desktop\Github\Panda\Code/pandamodel.gms
    Unknown symbol
*** Error 140 in C:\Users\hero\Desktop\Github\Panda\Code/pandamodel.gms
    Unknown symbol
--- Code/pandamodel.gms(296) 3 Mb 144 Errors
*** Error 140 in C:\Users\hero\Desktop\Github\Panda\Code/pandamodel.gms
    Unknown symbol
*** Error 140 in C:\Users\hero\Desktop\Github\Panda\Code/pandamodel.gms
    Unknown symbol
--- Code/pandamodel.gms(297) 3 Mb 147 Errors
*** Error 140 in C:\Users\hero\Desktop\Github\Panda\Code/pandamodel.gms
    Unknown symbol
*** Error 140 in C:\Users\hero\Desktop\Github\Panda\Code/pandamodel.gms
    Unknown symbol
*** Error 140 in C:\Users\hero\Desktop\Github\Panda\Code/pandamodel.gms
    Unknown symbol
--- Code/pandamodel.gms(303) 3 Mb 149 Errors
*** Error 140 in C:\Users\hero\Desktop\Github\Panda\Code/pandamodel.gms
    Unknown symbol
*** Error 140 in C:\Users\hero\Desktop\Github\Panda\Code/pandamodel.gms
    Unknown symbol
--- Code/pandamodel.gms(304) 3 Mb 151 Errors
*** Error 140 in C:\Users\hero\Desktop\Github\Panda\Code/pandamodel.gms
    Unknown symbol
*** Error 140 in C:\Users\hero\Desktop\Github\Panda\Code/pandamodel.gms
    Unknown symbol
--- Code/pandamodel.gms(310) 3 Mb 153 Errors
*** Error 140 in C:\Users\hero\Desktop\Github\Panda\Code/pandamodel.gms
    Unknown symbol
*** Error 140 in C:\Users\hero\Desktop\Github\Panda\Code/pandamodel.gms
    Unknown symbol
--- Code/pandamodel.gms(311) 3 Mb 155 Errors
*** Error 140 in C:\Users\hero\Desktop\Github\Panda\Code/pandamodel.gms
    Unknown symbol
*** Error 140 in C:\Users\hero\Desktop\Github\Panda\Code/pandamodel.gms
    Unknown symbol
--- Code/pandamodel.gms(319) 3 Mb 157 Errors
*** Error 140 in C:\Users\hero\Desktop\Github\Panda\Code/pandamodel.gms
    Unknown symbol
*** Error 120 in C:\Users\hero\Desktop\Github\Panda\Code/pandamodel.gms
    Unknown identifier entered as set
--- Code/pandamodel.gms(320) 3 Mb 161 Errors
*** Error 140 in C:\Users\hero\Desktop\Github\Panda\Code/pandamodel.gms
    Unknown symbol
*** Error 140 in C:\Users\hero\Desktop\Github\Panda\Code/pandamodel.gms
    Unknown symbol
*** Error 140 in C:\Users\hero\Desktop\Github\Panda\Code/pandamodel.gms
    Unknown symbol
*** Error 140 in C:\Users\hero\Desktop\Github\Panda\Code/pandamodel.gms
    Unknown symbol
--- Code/pandamodel.gms(321) 3 Mb 165 Errors
*** Error 140 in C:\Users\hero\Desktop\Github\Panda\Code/pandamodel.gms
    Unknown symbol
*** Error 140 in C:\Users\hero\Desktop\Github\Panda\Code/pandamodel.gms
    Unknown symbol
*** Error 120 in C:\Users\hero\Desktop\Github\Panda\Code/pandamodel.gms
    Unknown identifier entered as set
*** Error 140 in C:\Users\hero\Desktop\Github\Panda\Code/pandamodel.gms
    Unknown symbol
--- Code/pandamodel.gms(322) 3 Mb 169 Errors
*** Error 140 in C:\Users\hero\Desktop\Github\Panda\Code/pandamodel.gms
    Unknown symbol
*** Error 140 in C:\Users\hero\Desktop\Github\Panda\Code/pandamodel.gms
    Unknown symbol
*** Error 140 in C:\Users\hero\Desktop\Github\Panda\Code/pandamodel.gms
    Unknown symbol
*** Error 140 in C:\Users\hero\Desktop\Github\Panda\Code/pandamodel.gms
    Unknown symbol
--- Code/pandamodel.gms(328) 3 Mb 170 Errors
*** Error 140 in C:\Users\hero\Desktop\Github\Panda\Code/pandamodel.gms
    Unknown symbol
--- Code/pandamodel.gms(329) 3 Mb 174 Errors
*** Error 140 in C:\Users\hero\Desktop\Github\Panda\Code/pandamodel.gms
    Unknown symbol
*** Error 140 in C:\Users\hero\Desktop\Github\Panda\Code/pandamodel.gms
    Unknown symbol
*** Error 140 in C:\Users\hero\Desktop\Github\Panda\Code/pandamodel.gms
    Unknown symbol
*** Error 140 in C:\Users\hero\Desktop\Github\Panda\Code/pandamodel.gms
    Unknown symbol
--- Code/pandamodel.gms(333) 3 Mb 176 Errors
*** Error 140 in C:\Users\hero\Desktop\Github\Panda\Code/pandamodel.gms
    Unknown symbol
*** Error 140 in C:\Users\hero\Desktop\Github\Panda\Code/pandamodel.gms
    Unknown symbol
--- Code/pandamodel.gms(340) 3 Mb 178 Errors
*** Error 140 in C:\Users\hero\Desktop\Github\Panda\Code/pandamodel.gms
    Unknown symbol
*** Error 140 in C:\Users\hero\Desktop\Github\Panda\Code/pandamodel.gms
    Unknown symbol
--- Code/pandamodel.gms(347) 3 Mb 180 Errors
*** Error 140 in C:\Users\hero\Desktop\Github\Panda\Code/pandamodel.gms
    Unknown symbol
*** Error 140 in C:\Users\hero\Desktop\Github\Panda\Code/pandamodel.gms
    Unknown symbol
--- Code/pandamodel.gms(348) 3 Mb 181 Errors
*** Error 140 in C:\Users\hero\Desktop\Github\Panda\Code/pandamodel.gms
    Unknown symbol
--- Code/pandamodel.gms(358) 3 Mb 183 Errors
*** Error 140 in C:\Users\hero\Desktop\Github\Panda\Code/pandamodel.gms
    Unknown symbol
*** Error 140 in C:\Users\hero\Desktop\Github\Panda\Code/pandamodel.gms
    Unknown symbol
--- Code/pandamodel.gms(359) 3 Mb 189 Errors
*** Error 140 in C:\Users\hero\Desktop\Github\Panda\Code/pandamodel.gms
    Unknown symbol
*** Error 140 in C:\Users\hero\Desktop\Github\Panda\Code/pandamodel.gms
    Unknown symbol
*** Error 140 in C:\Users\hero\Desktop\Github\Panda\Code/pandamodel.gms
    Unknown symbol
*** Error 140 in C:\Users\hero\Desktop\Github\Panda\Code/pandamodel.gms
    Unknown symbol
*** Error 140 in C:\Users\hero\Desktop\Github\Panda\Code/pandamodel.gms
    Unknown symbol
*** Error 140 in C:\Users\hero\Desktop\Github\Panda\Code/pandamodel.gms
    Unknown symbol
--- Code/pandamodel.gms(360) 3 Mb 190 Errors
*** Error 120 in C:\Users\hero\Desktop\Github\Panda\Code/pandamodel.gms
    Unknown identifier entered as set
--- Code/pandamodel.gms(366) 3 Mb 191 Errors
*** Error 140 in C:\Users\hero\Desktop\Github\Panda\Code/pandamodel.gms
    Unknown symbol
--- Code/pandamodel.gms(367) 3 Mb 192 Errors
*** Error 140 in C:\Users\hero\Desktop\Github\Panda\Code/pandamodel.gms
    Unknown symbol
--- Code/pandamodel.gms(371) 3 Mb 193 Errors
*** Error 140 in C:\Users\hero\Desktop\Github\Panda\Code/pandamodel.gms
    Unknown symbol
--- Code/pandamodel.gms(372) 3 Mb 197 Errors
*** Error 140 in C:\Users\hero\Desktop\Github\Panda\Code/pandamodel.gms
    Unknown symbol
*** Error 140 in C:\Users\hero\Desktop\Github\Panda\Code/pandamodel.gms
    Unknown symbol
*** Error 140 in C:\Users\hero\Desktop\Github\Panda\Code/pandamodel.gms
    Unknown symbol
*** Error 140 in C:\Users\hero\Desktop\Github\Panda\Code/pandamodel.gms
    Unknown symbol
--- Code/pandamodel.gms(374) 3 Mb 198 Errors
*** Error 140 in C:\Users\hero\Desktop\Github\Panda\Code/pandamodel.gms
    Unknown symbol
--- Code/pandamodel.gms(375) 3 Mb 200 Errors
*** Error 140 in C:\Users\hero\Desktop\Github\Panda\Code/pandamodel.gms
    Unknown symbol
*** Error 120 in C:\Users\hero\Desktop\Github\Panda\Code/pandamodel.gms
    Unknown identifier entered as set
--- Code/pandamodel.gms(377) 3 Mb 201 Errors
*** Error 140 in C:\Users\hero\Desktop\Github\Panda\Code/pandamodel.gms
    Unknown symbol
--- Code/pandamodel.gms(378) 3 Mb 203 Errors
*** Error 140 in C:\Users\hero\Desktop\Github\Panda\Code/pandamodel.gms
    Unknown symbol
*** Error 120 in C:\Users\hero\Desktop\Github\Panda\Code/pandamodel.gms
    Unknown identifier entered as set
--- Code/pandamodel.gms(381) 3 Mb 205 Errors
*** Error 140 in C:\Users\hero\Desktop\Github\Panda\Code/pandamodel.gms
    Unknown symbol
*** Error 140 in C:\Users\hero\Desktop\Github\Panda\Code/pandamodel.gms
    Unknown symbol
--- Code/pandamodel.gms(382) 3 Mb 206 Errors
*** Error 140 in C:\Users\hero\Desktop\Github\Panda\Code/pandamodel.gms
    Unknown symbol
--- Code/pandamodel.gms(390) 3 Mb 209 Errors
*** Error 140 in C:\Users\hero\Desktop\Github\Panda\Code/pandamodel.gms
    Unknown symbol
*** Error 120 in C:\Users\hero\Desktop\Github\Panda\Code/pandamodel.gms
    Unknown identifier entered as set
*** Error 140 in C:\Users\hero\Desktop\Github\Panda\Code/pandamodel.gms
    Unknown symbol
--- Code/pandamodel.gms(391) 3 Mb 214 Errors
*** Error 140 in C:\Users\hero\Desktop\Github\Panda\Code/pandamodel.gms
    Unknown symbol
*** Error 140 in C:\Users\hero\Desktop\Github\Panda\Code/pandamodel.gms
    Unknown symbol
*** Error 140 in C:\Users\hero\Desktop\Github\Panda\Code/pandamodel.gms
    Unknown symbol
*** Error 140 in C:\Users\hero\Desktop\Github\Panda\Code/pandamodel.gms
    Unknown symbol
*** Error 140 in C:\Users\hero\Desktop\Github\Panda\Code/pandamodel.gms
    Unknown symbol
--- Code/pandamodel.gms(397) 3 Mb 216 Errors
*** Error 140 in C:\Users\hero\Desktop\Github\Panda\Code/pandamodel.gms
    Unknown symbol
*** Error 140 in C:\Users\hero\Desktop\Github\Panda\Code/pandamodel.gms
    Unknown symbol
--- Code/pandamodel.gms(404) 3 Mb 217 Errors
*** Error 140 in C:\Users\hero\Desktop\Github\Panda\Code/pandamodel.gms
    Unknown symbol
--- Code/pandamodel.gms(405) 3 Mb 218 Errors
*** Error 140 in C:\Users\hero\Desktop\Github\Panda\Code/pandamodel.gms
    Unknown symbol
--- Code/pandamodel.gms(416) 3 Mb 219 Errors
*** Error 140 in C:\Users\hero\Desktop\Github\Panda\Code/pandamodel.gms
    Unknown symbol
--- Code/pandamodel.gms(417) 3 Mb 222 Errors
*** Error 140 in C:\Users\hero\Desktop\Github\Panda\Code/pandamodel.gms
    Unknown symbol
*** Error 120 in C:\Users\hero\Desktop\Github\Panda\Code/pandamodel.gms
    Unknown identifier entered as set
*** Error 140 in C:\Users\hero\Desktop\Github\Panda\Code/pandamodel.gms
    Unknown symbol
--- Code/pandamodel.gms(422) 3 Mb 224 Errors
*** Error 140 in C:\Users\hero\Desktop\Github\Panda\Code/pandamodel.gms
    Unknown symbol
*** Error 140 in C:\Users\hero\Desktop\Github\Panda\Code/pandamodel.gms
    Unknown symbol
--- Code/pandamodel.gms(423) 3 Mb 229 Errors
*** Error 140 in C:\Users\hero\Desktop\Github\Panda\Code/pandamodel.gms
    Unknown symbol
*** Error 140 in C:\Users\hero\Desktop\Github\Panda\Code/pandamodel.gms
    Unknown symbol
*** Error 140 in C:\Users\hero\Desktop\Github\Panda\Code/pandamodel.gms
    Unknown symbol
*** Error 140 in C:\Users\hero\Desktop\Github\Panda\Code/pandamodel.gms
    Unknown symbol
*** Error 140 in C:\Users\hero\Desktop\Github\Panda\Code/pandamodel.gms
    Unknown symbol
--- Code/pandamodel.gms(429) 3 Mb 231 Errors
*** Error 140 in C:\Users\hero\Desktop\Github\Panda\Code/pandamodel.gms
    Unknown symbol
*** Error 140 in C:\Users\hero\Desktop\Github\Panda\Code/pandamodel.gms
    Unknown symbol
--- Code/pandamodel.gms(430) 3 Mb 234 Errors
*** Error 140 in C:\Users\hero\Desktop\Github\Panda\Code/pandamodel.gms
    Unknown symbol
*** Error 140 in C:\Users\hero\Desktop\Github\Panda\Code/pandamodel.gms
    Unknown symbol
*** Error 140 in C:\Users\hero\Desktop\Github\Panda\Code/pandamodel.gms
    Unknown symbol
--- Code/pandamodel.gms(436) 3 Mb 235 Errors
*** Error 140 in C:\Users\hero\Desktop\Github\Panda\Code/pandamodel.gms
    Unknown symbol
--- Code/pandamodel.gms(442) 3 Mb 237 Errors
*** Error 140 in C:\Users\hero\Desktop\Github\Panda\Code/pandamodel.gms
    Unknown symbol
*** Error 140 in C:\Users\hero\Desktop\Github\Panda\Code/pandamodel.gms
    Unknown symbol
--- Code/pandamodel.gms(443) 3 Mb 241 Errors
*** Error 140 in C:\Users\hero\Desktop\Github\Panda\Code/pandamodel.gms
    Unknown symbol
*** Error 140 in C:\Users\hero\Desktop\Github\Panda\Code/pandamodel.gms
    Unknown symbol
*** Error 140 in C:\Users\hero\Desktop\Github\Panda\Code/pandamodel.gms
    Unknown symbol
*** Error 140 in C:\Users\hero\Desktop\Github\Panda\Code/pandamodel.gms
    Unknown symbol
--- Code/pandamodel.gms(449) 3 Mb 242 Errors
*** Error 140 in C:\Users\hero\Desktop\Github\Panda\Code/pandamodel.gms
    Unknown symbol
--- Code/pandamodel.gms(450) 3 Mb 245 Errors
*** Error 140 in C:\Users\hero\Desktop\Github\Panda\Code/pandamodel.gms
    Unknown symbol
*** Error 140 in C:\Users\hero\Desktop\Github\Panda\Code/pandamodel.gms
    Unknown symbol
*** Error 140 in C:\Users\hero\Desktop\Github\Panda\Code/pandamodel.gms
    Unknown symbol
--- Code/pandamodel.gms(456) 3 Mb 246 Errors
*** Error 140 in C:\Users\hero\Desktop\Github\Panda\Code/pandamodel.gms
    Unknown symbol
--- Code/pandamodel.gms(465) 3 Mb 248 Errors
*** Error 140 in C:\Users\hero\Desktop\Github\Panda\Code/pandamodel.gms
    Unknown symbol
*** Error 140 in C:\Users\hero\Desktop\Github\Panda\Code/pandamodel.gms
    Unknown symbol
--- Code/pandamodel.gms(466) 3 Mb 251 Errors
*** Error 140 in C:\Users\hero\Desktop\Github\Panda\Code/pandamodel.gms
    Unknown symbol
*** Error 140 in C:\Users\hero\Desktop\Github\Panda\Code/pandamodel.gms
    Unknown symbol
*** Error 140 in C:\Users\hero\Desktop\Github\Panda\Code/pandamodel.gms
    Unknown symbol
--- Code/pandamodel.gms(472) 3 Mb 254 Errors
*** Error 140 in C:\Users\hero\Desktop\Github\Panda\Code/pandamodel.gms
    Unknown symbol
*** Error 140 in C:\Users\hero\Desktop\Github\Panda\Code/pandamodel.gms
    Unknown symbol
*** Error 140 in C:\Users\hero\Desktop\Github\Panda\Code/pandamodel.gms
    Unknown symbol
--- Code/pandamodel.gms(473) 3 Mb 256 Errors
*** Error 140 in C:\Users\hero\Desktop\Github\Panda\Code/pandamodel.gms
    Unknown symbol
*** Error 140 in C:\Users\hero\Desktop\Github\Panda\Code/pandamodel.gms
    Unknown symbol
--- Code/pandamodel.gms(475) 3 Mb 257 Errors
*** Error 140 in C:\Users\hero\Desktop\Github\Panda\Code/pandamodel.gms
    Unknown symbol
--- Code/pandamodel.gms(482) 3 Mb 259 Errors
*** Error 140 in C:\Users\hero\Desktop\Github\Panda\Code/pandamodel.gms
    Unknown symbol
*** Error 140 in C:\Users\hero\Desktop\Github\Panda\Code/pandamodel.gms
    Unknown symbol
--- Code/pandamodel.gms(483) 3 Mb 262 Errors
*** Error 140 in C:\Users\hero\Desktop\Github\Panda\Code/pandamodel.gms
    Unknown symbol
*** Error 140 in C:\Users\hero\Desktop\Github\Panda\Code/pandamodel.gms
    Unknown symbol
*** Error 140 in C:\Users\hero\Desktop\Github\Panda\Code/pandamodel.gms
    Unknown symbol
--- Code/pandamodel.gms(485) 3 Mb 263 Errors
*** Error 140 in C:\Users\hero\Desktop\Github\Panda\Code/pandamodel.gms
    Unknown symbol
--- Code/pandamodel.gms(492) 3 Mb 264 Errors
*** Error 140 in C:\Users\hero\Desktop\Github\Panda\Code/pandamodel.gms
    Unknown symbol
--- Code/pandamodel.gms(495) 3 Mb 265 Errors
*** Error 140 in C:\Users\hero\Desktop\Github\Panda\Code/pandamodel.gms
    Unknown symbol
--- Code/pandamodel.gms(502) 3 Mb 267 Errors
*** Error 140 in C:\Users\hero\Desktop\Github\Panda\Code/pandamodel.gms
    Unknown symbol
*** Error 140 in C:\Users\hero\Desktop\Github\Panda\Code/pandamodel.gms
    Unknown symbol
--- Code/pandamodel.gms(503) 3 Mb 269 Errors
*** Error 140 in C:\Users\hero\Desktop\Github\Panda\Code/pandamodel.gms
    Unknown symbol
*** Error 140 in C:\Users\hero\Desktop\Github\Panda\Code/pandamodel.gms
    Unknown symbol
--- Code/pandamodel.gms(505) 3 Mb 270 Errors
*** Error 140 in C:\Users\hero\Desktop\Github\Panda\Code/pandamodel.gms
    Unknown symbol
--- Code/pandamodel.gms(512) 3 Mb 271 Errors
*** Error 140 in C:\Users\hero\Desktop\Github\Panda\Code/pandamodel.gms
    Unknown symbol
--- Code/pandamodel.gms(515) 3 Mb 272 Errors
*** Error 140 in C:\Users\hero\Desktop\Github\Panda\Code/pandamodel.gms
    Unknown symbol
--- Code/pandamodel.gms(524) 3 Mb 275 Errors
*** Error 140 in C:\Users\hero\Desktop\Github\Panda\Code/pandamodel.gms
    Unknown symbol
*** Error 140 in C:\Users\hero\Desktop\Github\Panda\Code/pandamodel.gms
    Unknown symbol
*** Error 140 in C:\Users\hero\Desktop\Github\Panda\Code/pandamodel.gms
    Unknown symbol
--- Code/pandamodel.gms(525) 3 Mb 278 Errors
*** Error 140 in C:\Users\hero\Desktop\Github\Panda\Code/pandamodel.gms
    Unknown symbol
*** Error 140 in C:\Users\hero\Desktop\Github\Panda\Code/pandamodel.gms
    Unknown symbol
*** Error 140 in C:\Users\hero\Desktop\Github\Panda\Code/pandamodel.gms
    Unknown symbol
--- Code/pandamodel.gms(527) 3 Mb 279 Errors
*** Error 140 in C:\Users\hero\Desktop\Github\Panda\Code/pandamodel.gms
    Unknown symbol
--- Code/pandamodel.gms(536) 3 Mb 281 Errors
*** Error 140 in C:\Users\hero\Desktop\Github\Panda\Code/pandamodel.gms
    Unknown symbol
*** Error 140 in C:\Users\hero\Desktop\Github\Panda\Code/pandamodel.gms
    Unknown symbol
--- Code/pandamodel.gms(537) 3 Mb 282 Errors
*** Error 140 in C:\Users\hero\Desktop\Github\Panda\Code/pandamodel.gms
    Unknown symbol
--- Code/pandamodel.gms(541) 3 Mb 283 Errors
*** Error 140 in C:\Users\hero\Desktop\Github\Panda\Code/pandamodel.gms
    Unknown symbol
--- Code/pandamodel.gms(546) 3 Mb 284 Errors
*** Error 140 in C:\Users\hero\Desktop\Github\Panda\Code/pandamodel.gms
    Unknown symbol
--- Code/pandamodel.gms(553) 3 Mb 285 Errors
*** Error 140 in C:\Users\hero\Desktop\Github\Panda\Code/pandamodel.gms
    Unknown symbol
--- Code/pandamodel.gms(554) 3 Mb 287 Errors
*** Error 140 in C:\Users\hero\Desktop\Github\Panda\Code/pandamodel.gms
    Unknown symbol
*** Error 140 in C:\Users\hero\Desktop\Github\Panda\Code/pandamodel.gms
    Unknown symbol
--- Code/pandamodel.gms(559) 3 Mb 289 Errors
*** Error 140 in C:\Users\hero\Desktop\Github\Panda\Code/pandamodel.gms
    Unknown symbol
*** Error 140 in C:\Users\hero\Desktop\Github\Panda\Code/pandamodel.gms
    Unknown symbol
--- Code/pandamodel.gms(565) 3 Mb 290 Errors
*** Error 140 in C:\Users\hero\Desktop\Github\Panda\Code/pandamodel.gms
    Unknown symbol
--- Code/pandamodel.gms(573) 3 Mb 291 Errors
*** Error 140 in C:\Users\hero\Desktop\Github\Panda\Code/pandamodel.gms
    Unknown symbol
--- Code/pandamodel.gms(580) 3 Mb 292 Errors
*** Error 140 in C:\Users\hero\Desktop\Github\Panda\Code/pandamodel.gms
    Unknown symbol
--- Code/pandamodel.gms(591) 3 Mb 293 Errors
*** Error 140 in C:\Users\hero\Desktop\Github\Panda\Code/pandamodel.gms
    Unknown symbol
--- Code/pandamodel.gms(592) 3 Mb 294 Errors
*** Error 140 in C:\Users\hero\Desktop\Github\Panda\Code/pandamodel.gms
    Unknown symbol
--- Code/pandamodel.gms(596) 3 Mb 295 Errors
*** Error 140 in C:\Users\hero\Desktop\Github\Panda\Code/pandamodel.gms
    Unknown symbol
--- Code/pandamodel.gms(597) 3 Mb 296 Errors
*** Error 140 in C:\Users\hero\Desktop\Github\Panda\Code/pandamodel.gms
    Unknown symbol
--- Code/pandamodel.gms(601) 3 Mb 297 Errors
*** Error 140 in C:\Users\hero\Desktop\Github\Panda\Code/pandamodel.gms
    Unknown symbol
--- Code/pandamodel.gms(602) 3 Mb 298 Errors
*** Error 140 in C:\Users\hero\Desktop\Github\Panda\Code/pandamodel.gms
    Unknown symbol
--- Code/pandamodel.gms(605) 3 Mb 300 Errors
*** Error 120 in C:\Users\hero\Desktop\Github\Panda\Code/pandamodel.gms
    Unknown identifier entered as set
*** Error 340 in C:\Users\hero\Desktop\Github\Panda\Code/pandamodel.gms
    A label/element with the same name exist. You may have forgotten
       to quote a label/element reference. For example,
       set i / a,b,c /; parameter x(i); x('a') = 10;
--- Code/pandamodel.gms(608) 3 Mb 301 Errors
*** Error 140 in C:\Users\hero\Desktop\Github\Panda\Code/pandamodel.gms
    Unknown symbol
--- Code/pandamodel.gms(609) 3 Mb 302 Errors
*** Error 140 in C:\Users\hero\Desktop\Github\Panda\Code/pandamodel.gms
    Unknown symbol
--- Code/pandamodel.gms(610) 3 Mb 303 Errors
*** Error 140 in C:\Users\hero\Desktop\Github\Panda\Code/pandamodel.gms
    Unknown symbol
--- Code/pandamodel.gms(611) 3 Mb 304 Errors
*** Error 140 in C:\Users\hero\Desktop\Github\Panda\Code/pandamodel.gms
    Unknown symbol
--- Code/pandamodel.gms(615) 3 Mb 305 Errors
*** Error 140 in C:\Users\hero\Desktop\Github\Panda\Code/pandamodel.gms
    Unknown symbol
--- Code/pandamodel.gms(616) 3 Mb 306 Errors
*** Error 140 in C:\Users\hero\Desktop\Github\Panda\Code/pandamodel.gms
    Unknown symbol
--- Code/pandamodel.gms(617) 3 Mb 307 Errors
*** Error 140 in C:\Users\hero\Desktop\Github\Panda\Code/pandamodel.gms
    Unknown symbol
--- Code/pandamodel.gms(622) 3 Mb 308 Errors
*** Error 140 in C:\Users\hero\Desktop\Github\Panda\Code/pandamodel.gms
    Unknown symbol
--- Code/pandamodel.gms(623) 3 Mb 309 Errors
*** Error 140 in C:\Users\hero\Desktop\Github\Panda\Code/pandamodel.gms
    Unknown symbol
--- Code/pandamodel.gms(627) 3 Mb 310 Errors
*** Error 140 in C:\Users\hero\Desktop\Github\Panda\Code/pandamodel.gms
    Unknown symbol
--- Code/pandamodel.gms(628) 3 Mb 311 Errors
*** Error 140 in C:\Users\hero\Desktop\Github\Panda\Code/pandamodel.gms
    Unknown symbol
--- Code/pandamodel.gms(634) 3 Mb 312 Errors
*** Error 140 in C:\Users\hero\Desktop\Github\Panda\Code/pandamodel.gms
    Unknown symbol
--- Code/pandamodel.gms(635) 3 Mb 313 Errors
*** Error 140 in C:\Users\hero\Desktop\Github\Panda\Code/pandamodel.gms
    Unknown symbol
--- Code/pandamodel.gms(656) 3 Mb 314 Errors
*** Error 140 in C:\Users\hero\Desktop\Github\Panda\Code/pandamodel.gms
    Unknown symbol
--- Code/pandamodel.gms(657) 3 Mb 315 Errors
*** Error 140 in C:\Users\hero\Desktop\Github\Panda\Code/pandamodel.gms
    Unknown symbol
--- Code/pandamodel.gms(669) 3 Mb 320 Errors
*** Error 140 in C:\Users\hero\Desktop\Github\Panda\Code/pandamodel.gms
    Unknown symbol
*** Error 140 in C:\Users\hero\Desktop\Github\Panda\Code/pandamodel.gms
    Unknown symbol
*** Error 116 in C:\Users\hero\Desktop\Github\Panda\Code/pandamodel.gms
    Label is unknown
*** Error 140 in C:\Users\hero\Desktop\Github\Panda\Code/pandamodel.gms
    Unknown symbol
*** Error 140 in C:\Users\hero\Desktop\Github\Panda\Code/pandamodel.gms
    Unknown symbol
--- Code/pandamodel.gms(670) 3 Mb 321 Errors
*** Error 140 in C:\Users\hero\Desktop\Github\Panda\Code/pandamodel.gms
    Unknown symbol
--- Code/pandamodel.gms(671) 3 Mb 323 Errors
*** Error 140 in C:\Users\hero\Desktop\Github\Panda\Code/pandamodel.gms
    Unknown symbol
*** Error 140 in C:\Users\hero\Desktop\Github\Panda\Code/pandamodel.gms
    Unknown symbol
--- Code/pandamodel.gms(673) 3 Mb 324 Errors
*** Error 140 in C:\Users\hero\Desktop\Github\Panda\Code/pandamodel.gms
    Unknown symbol
--- Code/pandamodel.gms(674) 3 Mb 325 Errors
*** Error 140 in C:\Users\hero\Desktop\Github\Panda\Code/pandamodel.gms
    Unknown symbol
--- Code/pandamodel.gms(680) 3 Mb 326 Errors
*** Error 140 in C:\Users\hero\Desktop\Github\Panda\Code/pandamodel.gms
    Unknown symbol
--- Code/pandamodel.gms(687) 3 Mb 328 Errors
*** Error 140 in C:\Users\hero\Desktop\Github\Panda\Code/pandamodel.gms
    Unknown symbol
*** Error 140 in C:\Users\hero\Desktop\Github\Panda\Code/pandamodel.gms
    Unknown symbol
--- Code/pandamodel.gms(688) 3 Mb 329 Errors
*** Error 140 in C:\Users\hero\Desktop\Github\Panda\Code/pandamodel.gms
    Unknown symbol
--- Code/pandamodel.gms(696) 3 Mb 330 Errors
*** Error 140 in C:\Users\hero\Desktop\Github\Panda\Code/pandamodel.gms
    Unknown symbol
--- Code/pandamodel.gms(697) 3 Mb 332 Errors
*** Error 140 in C:\Users\hero\Desktop\Github\Panda\Code/pandamodel.gms
    Unknown symbol
*** Error 140 in C:\Users\hero\Desktop\Github\Panda\Code/pandamodel.gms
    Unknown symbol
--- Code/pandamodel.gms(698) 3 Mb 333 Errors
*** Error 140 in C:\Users\hero\Desktop\Github\Panda\Code/pandamodel.gms
    Unknown symbol
--- Code/pandamodel.gms(702) 3 Mb 336 Errors
*** Error 140 in C:\Users\hero\Desktop\Github\Panda\Code/pandamodel.gms
    Unknown symbol
*** Error 120 in C:\Users\hero\Desktop\Github\Panda\Code/pandamodel.gms
    Unknown identifier entered as set
*** Error 340 in C:\Users\hero\Desktop\Github\Panda\Code/pandamodel.gms
    A label/element with the same name exist. You may have forgotten
       to quote a label/element reference. For example,
       set i / a,b,c /; parameter x(i); x('a') = 10;
--- Code/pandamodel.gms(703) 3 Mb 337 Errors
*** Error 140 in C:\Users\hero\Desktop\Github\Panda\Code/pandamodel.gms
    Unknown symbol
--- Code/pandamodel.gms(710) 3 Mb 338 Errors
*** Error 140 in C:\Users\hero\Desktop\Github\Panda\Code/pandamodel.gms
    Unknown symbol
--- Code/pandamodel.gms(717) 3 Mb 339 Errors
*** Error 140 in C:\Users\hero\Desktop\Github\Panda\Code/pandamodel.gms
    Unknown symbol
--- Code/pandamodel.gms(724) 3 Mb 340 Errors
*** Error 140 in C:\Users\hero\Desktop\Github\Panda\Code/pandamodel.gms
    Unknown symbol
--- Code/pandamodel.gms(725) 3 Mb 342 Errors
*** Error 140 in C:\Users\hero\Desktop\Github\Panda\Code/pandamodel.gms
    Unknown symbol
*** Error 140 in C:\Users\hero\Desktop\Github\Panda\Code/pandamodel.gms
    Unknown symbol
--- Code/pandamodel.gms(729) 3 Mb 343 Errors
*** Error 140 in C:\Users\hero\Desktop\Github\Panda\Code/pandamodel.gms
    Unknown symbol
--- Code/pandamodel.gms(734) 3 Mb 344 Errors
*** Error 140 in C:\Users\hero\Desktop\Github\Panda\Code/pandamodel.gms
    Unknown symbol
--- Code/pandamodel.gms(741) 3 Mb 347 Errors
*** Error 140 in C:\Users\hero\Desktop\Github\Panda\Code/pandamodel.gms
    Unknown symbol
*** Error 140 in C:\Users\hero\Desktop\Github\Panda\Code/pandamodel.gms
    Unknown symbol
*** Error 140 in C:\Users\hero\Desktop\Github\Panda\Code/pandamodel.gms
    Unknown symbol
--- Code/pandamodel.gms(742) 3 Mb 352 Errors
*** Error 140 in C:\Users\hero\Desktop\Github\Panda\Code/pandamodel.gms
    Unknown symbol
*** Error 140 in C:\Users\hero\Desktop\Github\Panda\Code/pandamodel.gms
    Unknown symbol
*** Error 140 in C:\Users\hero\Desktop\Github\Panda\Code/pandamodel.gms
    Unknown symbol
*** Error 140 in C:\Users\hero\Desktop\Github\Panda\Code/pandamodel.gms
    Unknown symbol
*** Error 140 in C:\Users\hero\Desktop\Github\Panda\Code/pandamodel.gms
    Unknown symbol
--- Code/pandamodel.gms(744) 3 Mb 353 Errors
*** Error 140 in C:\Users\hero\Desktop\Github\Panda\Code/pandamodel.gms
    Unknown symbol
--- Code/pandamodel.gms(751) 3 Mb 354 Errors
*** Error 140 in C:\Users\hero\Desktop\Github\Panda\Code/pandamodel.gms
    Unknown symbol
--- Code/pandamodel.gms(754) 3 Mb 355 Errors
*** Error 140 in C:\Users\hero\Desktop\Github\Panda\Code/pandamodel.gms
    Unknown symbol
--- Code/pandamodel.gms(759) 3 Mb 358 Errors
*** Error 140 in C:\Users\hero\Desktop\Github\Panda\Code/pandamodel.gms
    Unknown symbol
*** Error 140 in C:\Users\hero\Desktop\Github\Panda\Code/pandamodel.gms
    Unknown symbol
*** Error 140 in C:\Users\hero\Desktop\Github\Panda\Code/pandamodel.gms
    Unknown symbol
--- Code/pandamodel.gms(760) 3 Mb 360 Errors
*** Error 140 in C:\Users\hero\Desktop\Github\Panda\Code/pandamodel.gms
    Unknown symbol
*** Error 140 in C:\Users\hero\Desktop\Github\Panda\Code/pandamodel.gms
    Unknown symbol
--- Code/pandamodel.gms(762) 3 Mb 361 Errors
*** Error 140 in C:\Users\hero\Desktop\Github\Panda\Code/pandamodel.gms
    Unknown symbol
--- Code/pandamodel.gms(769) 3 Mb 362 Errors
*** Error 140 in C:\Users\hero\Desktop\Github\Panda\Code/pandamodel.gms
    Unknown symbol
--- Code/pandamodel.gms(772) 3 Mb 363 Errors
*** Error 140 in C:\Users\hero\Desktop\Github\Panda\Code/pandamodel.gms
    Unknown symbol
--- Code/pandamodel.gms(779) 3 Mb 364 Errors
*** Error 140 in C:\Users\hero\Desktop\Github\Panda\Code/pandamodel.gms
    Unknown symbol
--- Code/pandamodel.gms(788) 3 Mb 367 Errors
*** Error 140 in C:\Users\hero\Desktop\Github\Panda\Code/pandamodel.gms
    Unknown symbol
*** Error 140 in C:\Users\hero\Desktop\Github\Panda\Code/pandamodel.gms
    Unknown symbol
*** Error 140 in C:\Users\hero\Desktop\Github\Panda\Code/pandamodel.gms
    Unknown symbol
--- Code/pandamodel.gms(789) 3 Mb 372 Errors
*** Error 140 in C:\Users\hero\Desktop\Github\Panda\Code/pandamodel.gms
    Unknown symbol
*** Error 140 in C:\Users\hero\Desktop\Github\Panda\Code/pandamodel.gms
    Unknown symbol
*** Error 140 in C:\Users\hero\Desktop\Github\Panda\Code/pandamodel.gms
    Unknown symbol
*** Error 140 in C:\Users\hero\Desktop\Github\Panda\Code/pandamodel.gms
    Unknown symbol
*** Error 140 in C:\Users\hero\Desktop\Github\Panda\Code/pandamodel.gms
    Unknown symbol
--- Code/pandamodel.gms(791) 3 Mb 373 Errors
*** Error 140 in C:\Users\hero\Desktop\Github\Panda\Code/pandamodel.gms
    Unknown symbol
--- Code/pandamodel.gms(798) 3 Mb 375 Errors
*** Error 140 in C:\Users\hero\Desktop\Github\Panda\Code/pandamodel.gms
    Unknown symbol
*** Error 140 in C:\Users\hero\Desktop\Github\Panda\Code/pandamodel.gms
    Unknown symbol
--- Code/pandamodel.gms(801) 3 Mb 376 Errors
*** Error 140 in C:\Users\hero\Desktop\Github\Panda\Code/pandamodel.gms
    Unknown symbol
--- Code/pandamodel.gms(804) 3 Mb 377 Errors
*** Error 140 in C:\Users\hero\Desktop\Github\Panda\Code/pandamodel.gms
    Unknown symbol
--- Code/pandamodel.gms(810) 3 Mb 380 Errors
*** Error 140 in C:\Users\hero\Desktop\Github\Panda\Code/pandamodel.gms
    Unknown symbol
*** Error 140 in C:\Users\hero\Desktop\Github\Panda\Code/pandamodel.gms
    Unknown symbol
*** Error 140 in C:\Users\hero\Desktop\Github\Panda\Code/pandamodel.gms
    Unknown symbol
--- Code/pandamodel.gms(811) 3 Mb 382 Errors
*** Error 140 in C:\Users\hero\Desktop\Github\Panda\Code/pandamodel.gms
    Unknown symbol
*** Error 140 in C:\Users\hero\Desktop\Github\Panda\Code/pandamodel.gms
    Unknown symbol
--- Code/pandamodel.gms(813) 3 Mb 383 Errors
*** Error 140 in C:\Users\hero\Desktop\Github\Panda\Code/pandamodel.gms
    Unknown symbol
--- Code/pandamodel.gms(820) 3 Mb 384 Errors
*** Error 140 in C:\Users\hero\Desktop\Github\Panda\Code/pandamodel.gms
    Unknown symbol
--- Code/pandamodel.gms(823) 3 Mb 385 Errors
*** Error 140 in C:\Users\hero\Desktop\Github\Panda\Code/pandamodel.gms
    Unknown symbol
--- Code/pandamodel.gms(826) 3 Mb 386 Errors
*** Error 140 in C:\Users\hero\Desktop\Github\Panda\Code/pandamodel.gms
    Unknown symbol
--- Code/pandamodel.gms(830) 3 Mb 387 Errors
*** Error 140 in C:\Users\hero\Desktop\Github\Panda\Code/pandamodel.gms
    Unknown symbol
--- Code/pandamodel.gms(839) 3 Mb 390 Errors
*** Error 140 in C:\Users\hero\Desktop\Github\Panda\Code/pandamodel.gms
    Unknown symbol
*** Error 140 in C:\Users\hero\Desktop\Github\Panda\Code/pandamodel.gms
    Unknown symbol
*** Error 140 in C:\Users\hero\Desktop\Github\Panda\Code/pandamodel.gms
    Unknown symbol
--- Code/pandamodel.gms(841) 3 Mb 391 Errors
*** Error 140 in C:\Users\hero\Desktop\Github\Panda\Code/pandamodel.gms
    Unknown symbol
--- Code/pandamodel.gms(843) 3 Mb 394 Errors
*** Error 140 in C:\Users\hero\Desktop\Github\Panda\Code/pandamodel.gms
    Unknown symbol
*** Error 120 in C:\Users\hero\Desktop\Github\Panda\Code/pandamodel.gms
    Unknown identifier entered as set
*** Error 340 in C:\Users\hero\Desktop\Github\Panda\Code/pandamodel.gms
    A label/element with the same name exist. You may have forgotten
       to quote a label/element reference. For example,
       set i / a,b,c /; parameter x(i); x('a') = 10;
--- Code/pandamodel.gms(844) 3 Mb 395 Errors
*** Error 140 in C:\Users\hero\Desktop\Github\Panda\Code/pandamodel.gms
    Unknown symbol
--- Code/pandamodel.gms(851) 3 Mb 396 Errors
*** Error 140 in C:\Users\hero\Desktop\Github\Panda\Code/pandamodel.gms
    Unknown symbol
--- Code/pandamodel.gms(861) 3 Mb 397 Errors
*** Error 140 in C:\Users\hero\Desktop\Github\Panda\Code/pandamodel.gms
    Unknown symbol
--- Code/pandamodel.gms(862) 3 Mb 398 Errors
*** Error 140 in C:\Users\hero\Desktop\Github\Panda\Code/pandamodel.gms
    Unknown symbol
--- Code/pandamodel.gms(869) 3 Mb 399 Errors
*** Error 140 in C:\Users\hero\Desktop\Github\Panda\Code/pandamodel.gms
    Unknown symbol
--- Code/pandamodel.gms(870) 3 Mb 400 Errors
*** Error 140 in C:\Users\hero\Desktop\Github\Panda\Code/pandamodel.gms
    Unknown symbol
--- Code/pandamodel.gms(871) 3 Mb 401 Errors
*** Error 140 in C:\Users\hero\Desktop\Github\Panda\Code/pandamodel.gms
    Unknown symbol
--- Code/pandamodel.gms(872) 3 Mb 403 Errors
*** Error 140 in C:\Users\hero\Desktop\Github\Panda\Code/pandamodel.gms
    Unknown symbol
*** Error 140 in C:\Users\hero\Desktop\Github\Panda\Code/pandamodel.gms
    Unknown symbol
--- Code/pandamodel.gms(873) 3 Mb 404 Errors
*** Error 140 in C:\Users\hero\Desktop\Github\Panda\Code/pandamodel.gms
    Unknown symbol
--- Code/pandamodel.gms(877) 3 Mb 405 Errors
*** Error 140 in C:\Users\hero\Desktop\Github\Panda\Code/pandamodel.gms
    Unknown symbol
--- Code/pandamodel.gms(878) 3 Mb 406 Errors
*** Error 140 in C:\Users\hero\Desktop\Github\Panda\Code/pandamodel.gms
    Unknown symbol
--- Code/pandamodel.gms(882) 3 Mb 407 Errors
*** Error 140 in C:\Users\hero\Desktop\Github\Panda\Code/pandamodel.gms
    Unknown symbol
--- Code/pandamodel.gms(883) 3 Mb 408 Errors
*** Error 140 in C:\Users\hero\Desktop\Github\Panda\Code/pandamodel.gms
    Unknown symbol
--- Code/pandamodel.gms(890) 3 Mb 409 Errors
*** Error 140 in C:\Users\hero\Desktop\Github\Panda\Code/pandamodel.gms
    Unknown symbol
--- Code/pandamodel.gms(891) 3 Mb 411 Errors
*** Error 140 in C:\Users\hero\Desktop\Github\Panda\Code/pandamodel.gms
    Unknown symbol
*** Error 140 in C:\Users\hero\Desktop\Github\Panda\Code/pandamodel.gms
    Unknown symbol
--- Code/pandamodel.gms(892) 3 Mb 412 Errors
*** Error 140 in C:\Users\hero\Desktop\Github\Panda\Code/pandamodel.gms
    Unknown symbol
--- Code/pandamodel.gms(894) 3 Mb 413 Errors
*** Error 140 in C:\Users\hero\Desktop\Github\Panda\Code/pandamodel.gms
    Unknown symbol
--- Code/pandamodel.gms(898) 3 Mb 414 Errors
*** Error 140 in C:\Users\hero\Desktop\Github\Panda\Code/pandamodel.gms
    Unknown symbol
--- Code/pandamodel.gms(899) 3 Mb 415 Errors
*** Error 140 in C:\Users\hero\Desktop\Github\Panda\Code/pandamodel.gms
    Unknown symbol
--- Code/pandamodel.gms(905) 3 Mb 416 Errors
*** Error 140 in C:\Users\hero\Desktop\Github\Panda\Code/pandamodel.gms
    Unknown symbol
--- Code/pandamodel.gms(906) 3 Mb 418 Errors
*** Error 140 in C:\Users\hero\Desktop\Github\Panda\Code/pandamodel.gms
    Unknown symbol
*** Error 140 in C:\Users\hero\Desktop\Github\Panda\Code/pandamodel.gms
    Unknown symbol
--- Code/pandamodel.gms(911) 3 Mb 421 Errors
*** Error 140 in C:\Users\hero\Desktop\Github\Panda\Code/pandamodel.gms
    Unknown symbol
*** Error 120 in C:\Users\hero\Desktop\Github\Panda\Code/pandamodel.gms
    Unknown identifier entered as set
*** Error 340 in C:\Users\hero\Desktop\Github\Panda\Code/pandamodel.gms
    A label/element with the same name exist. You may have forgotten
       to quote a label/element reference. For example,
       set i / a,b,c /; parameter x(i); x('a') = 10;
--- Code/pandamodel.gms(912) 3 Mb 424 Errors
*** Error 140 in C:\Users\hero\Desktop\Github\Panda\Code/pandamodel.gms
    Unknown symbol
*** Error 140 in C:\Users\hero\Desktop\Github\Panda\Code/pandamodel.gms
    Unknown symbol
*** Error 140 in C:\Users\hero\Desktop\Github\Panda\Code/pandamodel.gms
    Unknown symbol
--- Code/pandamodel.gms(914) 3 Mb 425 Errors
*** Error 140 in C:\Users\hero\Desktop\Github\Panda\Code/pandamodel.gms
    Unknown symbol
--- Code/pandamodel.gms(915) 3 Mb 426 Errors
*** Error 140 in C:\Users\hero\Desktop\Github\Panda\Code/pandamodel.gms
    Unknown symbol
--- Code/pandamodel.gms(917) 3 Mb 427 Errors
*** Error 140 in C:\Users\hero\Desktop\Github\Panda\Code/pandamodel.gms
    Unknown symbol
--- Code/pandamodel.gms(918) 3 Mb 428 Errors
*** Error 140 in C:\Users\hero\Desktop\Github\Panda\Code/pandamodel.gms
    Unknown symbol
--- Code/pandamodel.gms(922) 3 Mb 429 Errors
*** Error 140 in C:\Users\hero\Desktop\Github\Panda\Code/pandamodel.gms
    Unknown symbol
--- Code/pandamodel.gms(923) 3 Mb 431 Errors
*** Error 140 in C:\Users\hero\Desktop\Github\Panda\Code/pandamodel.gms
    Unknown symbol
*** Error 140 in C:\Users\hero\Desktop\Github\Panda\Code/pandamodel.gms
    Unknown symbol
--- Code/pandamodel.gms(927) 3 Mb 432 Errors
*** Error 140 in C:\Users\hero\Desktop\Github\Panda\Code/pandamodel.gms
    Unknown symbol
--- Code/pandamodel.gms(928) 3 Mb 434 Errors
*** Error 140 in C:\Users\hero\Desktop\Github\Panda\Code/pandamodel.gms
    Unknown symbol
*** Error 140 in C:\Users\hero\Desktop\Github\Panda\Code/pandamodel.gms
    Unknown symbol
--- Code/pandamodel.gms(932) 3 Mb 440 Errors
*** Error 140 in C:\Users\hero\Desktop\Github\Panda\Code/pandamodel.gms
    Unknown symbol
*** Error 120 in C:\Users\hero\Desktop\Github\Panda\Code/pandamodel.gms
    Unknown identifier entered as set
*** Error 340 in C:\Users\hero\Desktop\Github\Panda\Code/pandamodel.gms
    A label/element with the same name exist. You may have forgotten
       to quote a label/element reference. For example,
       set i / a,b,c /; parameter x(i); x('a') = 10;
*** Error 140 in C:\Users\hero\Desktop\Github\Panda\Code/pandamodel.gms
    Unknown symbol
*** Error 140 in C:\Users\hero\Desktop\Github\Panda\Code/pandamodel.gms
    Unknown symbol
*** Error 140 in C:\Users\hero\Desktop\Github\Panda\Code/pandamodel.gms
    Unknown symbol
--- Code/pandamodel.gms(938) 3 Mb 443 Errors
*** Error 140 in C:\Users\hero\Desktop\Github\Panda\Code/pandamodel.gms
    Unknown symbol
*** Error 140 in C:\Users\hero\Desktop\Github\Panda\Code/pandamodel.gms
    Unknown symbol
*** Error 140 in C:\Users\hero\Desktop\Github\Panda\Code/pandamodel.gms
    Unknown symbol
--- Code/pandamodel.gms(944) 3 Mb 446 Errors
*** Error 140 in C:\Users\hero\Desktop\Github\Panda\Code/pandamodel.gms
    Unknown symbol
*** Error 140 in C:\Users\hero\Desktop\Github\Panda\Code/pandamodel.gms
    Unknown symbol
*** Error 140 in C:\Users\hero\Desktop\Github\Panda\Code/pandamodel.gms
    Unknown symbol
--- Code/pandamodel.gms(948) 3 Mb 449 Errors
*** Error 140 in C:\Users\hero\Desktop\Github\Panda\Code/pandamodel.gms
    Unknown symbol
*** Error 140 in C:\Users\hero\Desktop\Github\Panda\Code/pandamodel.gms
    Unknown symbol
*** Error 140 in C:\Users\hero\Desktop\Github\Panda\Code/pandamodel.gms
    Unknown symbol
--- Code/pandamodel.gms(952) 3 Mb 453 Errors
*** Error 140 in C:\Users\hero\Desktop\Github\Panda\Code/pandamodel.gms
    Unknown symbol
*** Error 120 in C:\Users\hero\Desktop\Github\Panda\Code/pandamodel.gms
    Unknown identifier entered as set
*** Error 340 in C:\Users\hero\Desktop\Github\Panda\Code/pandamodel.gms
    A label/element with the same name exist. You may have forgotten
       to quote a label/element reference. For example,
       set i / a,b,c /; parameter x(i); x('a') = 10;
*** Error 140 in C:\Users\hero\Desktop\Github\Panda\Code/pandamodel.gms
    Unknown symbol
--- Code/pandamodel.gms(954) 3 Mb 455 Errors
*** Error 140 in C:\Users\hero\Desktop\Github\Panda\Code/pandamodel.gms
    Unknown symbol
*** Error 140 in C:\Users\hero\Desktop\Github\Panda\Code/pandamodel.gms
    Unknown symbol
--- Code/pandamodel.gms(956) 3 Mb 459 Errors
*** Error 140 in C:\Users\hero\Desktop\Github\Panda\Code/pandamodel.gms
    Unknown symbol
*** Error 140 in C:\Users\hero\Desktop\Github\Panda\Code/pandamodel.gms
    Unknown symbol
*** Error 140 in C:\Users\hero\Desktop\Github\Panda\Code/pandamodel.gms
    Unknown symbol
*** Error 140 in C:\Users\hero\Desktop\Github\Panda\Code/pandamodel.gms
    Unknown symbol
--- Code/pandamodel.gms(962) 3 Mb 460 Errors
*** Error 140 in C:\Users\hero\Desktop\Github\Panda\Code/pandamodel.gms
    Unknown symbol
--- Code/pandamodel.gms(963) 3 Mb 461 Errors
*** Error 140 in C:\Users\hero\Desktop\Github\Panda\Code/pandamodel.gms
    Unknown symbol
--- Code/pandamodel.gms(965) 3 Mb 462 Errors
*** Error 140 in C:\Users\hero\Desktop\Github\Panda\Code/pandamodel.gms
    Unknown symbol
--- Code/pandamodel.gms(999) 3 Mb 462 Errors
*** Status: Compilation error(s)
--- Job Code/pandamodel.gms Stop 02/09/17 18:42:23 elapsed 0:00:02.123
Exit code = 2
